<?xml version="1.0" encoding="UTF-8"?>
<!-- Generated by org.testng.reporters.JUnitXMLReporter -->
<testsuite ignored="0" hostname="LAPTOP-AN4VQIJA" failures="0" tests="12" name="Default test" time="27.882" errors="0" timestamp="2024-12-04T17:26:43 IST">
  <testcase classname="api.testcases.UserTestDD" name="testCreateUser" time="4.127"/>
  <testcase classname="api.testcases.UserTestDD" name="testCreateUser" time="1.877"/>
  <testcase classname="api.testcases.UserTestDD" name="testCreateUser" time="1.944"/>
  <testcase classname="api.testcases.UserTestDD" name="testCreateUser" time="1.941"/>
  <testcase classname="api.testcases.UserTestDD" name="testGetUserData" time="1.747"/>
  <testcase classname="api.testcases.UserTestDD" name="testGetUserData" time="1.841"/>
  <testcase classname="api.testcases.UserTestDD" name="testGetUserData" time="1.796"/>
  <testcase classname="api.testcases.UserTestDD" name="testGetUserData" time="1.683"/>
  <testcase classname="api.testcases.UserTestDD" name="testDeleteUser" time="1.591"/>
  <testcase classname="api.testcases.UserTestDD" name="testDeleteUser" time="1.742"/>
  <testcase classname="api.testcases.UserTestDD" name="testDeleteUser" time="1.734"/>
  <testcase classname="api.testcases.UserTestDD" name="testDeleteUser" time="1.946"/>
</testsuite> <!-- Default test -->
