<?xml version="1.0" encoding="UTF-8"?>
<!-- Generated by org.testng.reporters.JUnitXMLReporter -->
<testsuite ignored="0" hostname="LAPTOP-AN4VQIJA" failures="0" tests="4" name="Test" time="14.47" errors="0" timestamp="2024-12-05T00:48:16 IST">
  <testcase classname="api.testcases.UserTest2" name="testCreateUser" time="4.534"/>
  <testcase classname="api.testcases.UserTest2" name="testGetUserData" time="2.254"/>
  <testcase classname="api.testcases.UserTest2" name="testUpdateUser" time="3.99"/>
  <testcase classname="api.testcases.UserTest2" name="testDeleteUser" time="2.412"/>
</testsuite> <!-- Test -->
