<?xml version="1.0" encoding="UTF-8"?>
<!-- Generated by org.testng.reporters.JUnitXMLReporter -->
<testsuite ignored="0" hostname="LAPTOP-AN4VQIJA" failures="0" tests="4" name="Test" time="12.512" errors="0" timestamp="2024-12-05T01:02:47 IST">
  <testcase classname="api.testcases.UserTest2" name="testCreateUser" time="4.385"/>
  <testcase classname="api.testcases.UserTest2" name="testGetUserData" time="1.557"/>
  <testcase classname="api.testcases.UserTest2" name="testUpdateUser" time="3.28"/>
  <testcase classname="api.testcases.UserTest2" name="testDeleteUser" time="1.536"/>
</testsuite> <!-- Test -->
