<?xml version="1.0" encoding="UTF-8"?>
<testng-results ignored="0" total="4" passed="4" failed="0" skipped="0">
  <reporter-output>
  </reporter-output>
  <suite started-at="2024-12-05T01:02:34 IST" name="Suite" finished-at="2024-12-05T01:02:46 IST" duration-ms="12512">
    <groups>
    </groups>
    <test started-at="2024-12-05T01:02:34 IST" name="Test" finished-at="2024-12-05T01:02:46 IST" duration-ms="12512">
      <class name="api.testcases.UserTest2">
        <test-method is-config="true" signature="generateTestData()[pri:0, instance:api.testcases.UserTest2@3c407114]" started-at="2024-12-05T01:02:34 IST" name="generateTestData" finished-at="2024-12-05T01:02:35 IST" duration-ms="1515" status="PASS">
          <reporter-output>
          </reporter-output>
        </test-method> <!-- generateTestData -->
        <test-method signature="testCreateUser()[pri:1, instance:api.testcases.UserTest2@3c407114]" started-at="2024-12-05T01:02:35 IST" name="testCreateUser" finished-at="2024-12-05T01:02:40 IST" duration-ms="4385" status="PASS">
          <reporter-output>
          </reporter-output>
        </test-method> <!-- testCreateUser -->
        <test-method signature="testGetUserData()[pri:2, instance:api.testcases.UserTest2@3c407114]" started-at="2024-12-05T01:02:40 IST" name="testGetUserData" finished-at="2024-12-05T01:02:41 IST" duration-ms="1557" status="PASS">
          <reporter-output>
          </reporter-output>
        </test-method> <!-- testGetUserData -->
        <test-method signature="testUpdateUser()[pri:3, instance:api.testcases.UserTest2@3c407114]" started-at="2024-12-05T01:02:41 IST" name="testUpdateUser" finished-at="2024-12-05T01:02:44 IST" duration-ms="3280" status="PASS">
          <reporter-output>
          </reporter-output>
        </test-method> <!-- testUpdateUser -->
        <test-method signature="testDeleteUser()[pri:4, instance:api.testcases.UserTest2@3c407114]" started-at="2024-12-05T01:02:44 IST" name="testDeleteUser" finished-at="2024-12-05T01:02:46 IST" duration-ms="1536" status="PASS">
          <reporter-output>
          </reporter-output>
        </test-method> <!-- testDeleteUser -->
      </class> <!-- api.testcases.UserTest2 -->
    </test> <!-- Test -->
  </suite> <!-- Suite -->
</testng-results>
